<?xml version="1.0" encoding="UTF-8"?>
<!-- Generated by org.testng.reporters.JUnitReportReporter -->
<testsuite hostname="DESKTOP-N54R2FB" failures="0" tests="2" name="testRunner.testRunner" time="18.372" errors="0" timestamp="2025-10-23T14:34:05 IST" skipped="0">
  <testcase classname="testRunner.testRunner" name="runScenario" time="9.639"/>
  <testcase classname="testRunner.testRunner" name="runScenario" time="8.733"/>
</testsuite> <!-- testRunner.testRunner -->
