<?xml version="1.0" encoding="UTF-8"?>
<!-- Generated by org.testng.reporters.JUnitReportReporter -->
<testsuite hostname="DESKTOP-N54R2FB" failures="0" tests="2" name="testRunner.testRunner" time="16.817" errors="0" timestamp="2025-10-22T16:43:27 IST" skipped="0">
  <testcase classname="testRunner.testRunner" name="runScenario" time="6.904"/>
  <testcase classname="testRunner.testRunner" name="runScenario" time="9.913"/>
</testsuite> <!-- testRunner.testRunner -->
