<?xml version="1.0" encoding="UTF-8"?>
<!-- Generated by org.testng.reporters.JUnitReportReporter -->
<testsuite hostname="DESKTOP-N54R2FB" failures="0" tests="4" name="testRunner.testRunner" time="36.578" errors="0" timestamp="2025-10-25T20:56:06 IST" skipped="0">
  <testcase classname="testRunner.testRunner" name="runScenario" time="7.946">
    <system-out>
      <![CDATA[clickable]]>
    </system-out>
  </testcase> <!-- runScenario -->
  <testcase classname="testRunner.testRunner" name="runScenario" time="8.367"/>
  <testcase classname="testRunner.testRunner" name="runScenario" time="13.260"/>
  <testcase classname="testRunner.testRunner" name="runScenario" time="7.005"/>
  <system-out>
    <![CDATA[clickable]]>
  </system-out>
</testsuite> <!-- testRunner.testRunner -->
