<?xml version="1.0" encoding="UTF-8"?>
<!-- Generated by org.testng.reporters.JUnitReportReporter -->
<testsuite hostname="DESKTOP-N54R2FB" failures="0" tests="1" name="testRunner.testRunner" time="0.267" errors="1" timestamp="2025-10-19T21:46:44 IST" skipped="0">
  <testcase classname="testRunner.testRunner" name="runScenario" time="0.267">
    <error message="The step &#039;User navigate to website URL&#039; and 4 other step(s) are undefined.
You can implement these steps using the snippet(s) below:

@Given(&quot;User navigate to website URL&quot;)
public void user_navigate_to_website_url() {
    // Write code here that turns the phrase above into concrete actions
    throw new io.cucumber.java.PendingException();
}
@When(&quot;user validates the website title&quot;)
public void user_validates_the_website_title() {
    // Write code here that turns the phrase above into concrete actions
    throw new io.cucumber.java.PendingException();
}
@Then(&quot;user enters username and Password&quot;)
public void user_enters_username_and_password() {
    // Write code here that turns the phrase above into concrete actions
    throw new io.cucumber.java.PendingException();
}
@Then(&quot;user clicks on the submit button&quot;)
public void user_clicks_on_the_submit_button() {
    // Write code here that turns the phrase above into concrete actions
    throw new io.cucumber.java.PendingException();
}
@Then(&quot;user confirm the loginpage image&quot;)
public void user_confirm_the_loginpage_image() {
    // Write code here that turns the phrase above into concrete actions
    throw new io.cucumber.java.PendingException();
}
" type="io.cucumber.testng.UndefinedStepException">
      <![CDATA[io.cucumber.testng.UndefinedStepException: The step 'User navigate to website URL' and 4 other step(s) are undefined.
You can implement these steps using the snippet(s) below:

@Given("User navigate to website URL")
public void user_navigate_to_website_url() {
    // Write code here that turns the phrase above into concrete actions
    throw new io.cucumber.java.PendingException();
}
@When("user validates the website title")
public void user_validates_the_website_title() {
    // Write code here that turns the phrase above into concrete actions
    throw new io.cucumber.java.PendingException();
}
@Then("user enters username and Password")
public void user_enters_username_and_password() {
    // Write code here that turns the phrase above into concrete actions
    throw new io.cucumber.java.PendingException();
}
@Then("user clicks on the submit button")
public void user_clicks_on_the_submit_button() {
    // Write code here that turns the phrase above into concrete actions
    throw new io.cucumber.java.PendingException();
}
@Then("user confirm the loginpage image")
public void user_confirm_the_loginpage_image() {
    // Write code here that turns the phrase above into concrete actions
    throw new io.cucumber.java.PendingException();
}

at âœ½.User navigate to website URL(file:///C:/Users/Niketan%20Gawade/eclipse-workspace/Playwright-java-testng-cucumber-framework-boilerplate/src/test/resources/features/login.feature:7)
]]>
    </error>
  </testcase> <!-- runScenario -->
</testsuite> <!-- testRunner.testRunner -->
