<?xml version="1.0" encoding="UTF-8"?>
<!-- Generated by org.testng.reporters.JUnitReportReporter -->
<testsuite hostname="DESKTOP-N54R2FB" failures="0" tests="2" name="testRunner.testRunner" time="48.751" errors="1" timestamp="2025-10-23T13:08:02 IST" skipped="0">
  <testcase classname="testRunner.testRunner" name="runScenario" time="9.129"/>
  <testcase classname="testRunner.testRunner" name="runScenario" time="39.622">
    <error message="Error {
  message=&#039;Timeout 30000ms exceeded.
  name=&#039;TimeoutError
  stack=&#039;TimeoutError: Timeout 30000ms exceeded.
    at ProgressController.run (C:\Users\NIKETA~1\AppData\Local\Temp\playwright-java-17866208745027469184\package\lib\server\progress.js:65:26)
    at FrameDispatcher._runCommand (C:\Users\NIKETA~1\AppData\Local\Temp\playwright-java-17866208745027469184\package\lib\server\dispatchers\dispatcher.js:91:31)
    at DispatcherConnection.dispatch (C:\Users\NIKETA~1\AppData\Local\Temp\playwright-java-17866208745027469184\package\lib\server\dispatchers\dispatcher.js:322:39)
}
Call log:
-   - waiting for locator(&quot;input[type=&#039;&#039;][value=&#039;black&#039;]&quot;)
" type="com.microsoft.playwright.TimeoutError">
      <![CDATA[com.microsoft.playwright.TimeoutError: Error {
  message='Timeout 30000ms exceeded.
  name='TimeoutError
  stack='TimeoutError: Timeout 30000ms exceeded.
    at ProgressController.run (C:\Users\NIKETA~1\AppData\Local\Temp\playwright-java-17866208745027469184\package\lib\server\progress.js:65:26)
    at FrameDispatcher._runCommand (C:\Users\NIKETA~1\AppData\Local\Temp\playwright-java-17866208745027469184\package\lib\server\dispatchers\dispatcher.js:91:31)
    at DispatcherConnection.dispatch (C:\Users\NIKETA~1\AppData\Local\Temp\playwright-java-17866208745027469184\package\lib\server\dispatchers\dispatcher.js:322:39)
}
Call log:
-   - waiting for locator("input[type=''][value='black']")

at com.microsoft.playwright.impl.WaitableResult.get(WaitableResult.java:52)
at com.microsoft.playwright.impl.ChannelOwner.runUntil(ChannelOwner.java:138)
at com.microsoft.playwright.impl.Connection.sendMessage(Connection.java:131)
at com.microsoft.playwright.impl.ChannelOwner.sendMessage(ChannelOwner.java:124)
at com.microsoft.playwright.impl.FrameImpl.isCheckedImpl(FrameImpl.java:512)
at com.microsoft.playwright.impl.FrameImpl.isChecked(FrameImpl.java:503)
at com.microsoft.playwright.impl.LocatorImpl.isChecked(LocatorImpl.java:386)
at com.microsoft.playwright.Locator.isChecked(Locator.java:3949)
at stepsDefination.radioButton.select_radioOptionValidation(radioButton.java:29)
at âœ½.the "black" radio button should be selected(file:///C:/Users/Niketan%20Gawade/eclipse-workspace/Playwright-java-testng-cucumber-framework-boilerplate/src/test/resources/features/RadioButton.feature:9)
Caused by: com.microsoft.playwright.TimeoutError: Error {
  message='Timeout 30000ms exceeded.
  name='TimeoutError
  stack='TimeoutError: Timeout 30000ms exceeded.
    at ProgressController.run (C:\Users\NIKETA~1\AppData\Local\Temp\playwright-java-17866208745027469184\package\lib\server\progress.js:65:26)
    at FrameDispatcher._runCommand (C:\Users\NIKETA~1\AppData\Local\Temp\playwright-java-17866208745027469184\package\lib\server\dispatchers\dispatcher.js:91:31)
    at DispatcherConnection.dispatch (C:\Users\NIKETA~1\AppData\Local\Temp\playwright-java-17866208745027469184\package\lib\server\dispatchers\dispatcher.js:322:39)
}
Call log:
-   - waiting for locator("input[type=''][value='black']")

at com.microsoft.playwright.impl.Connection.dispatch(Connection.java:257)
at com.microsoft.playwright.impl.Connection.processOneMessage(Connection.java:214)
at com.microsoft.playwright.impl.ChannelOwner.runUntil(ChannelOwner.java:136)
... 8 more
]]>
    </error>
  </testcase> <!-- runScenario -->
</testsuite> <!-- testRunner.testRunner -->
