<?xml version="1.0" encoding="UTF-8"?>
<!-- Generated by org.testng.reporters.JUnitReportReporter -->
<testsuite hostname="DESKTOP-N54R2FB" failures="0" tests="1" name="testRunner.testRunner" time="12.770" errors="0" timestamp="2025-10-20T00:29:10 IST" skipped="0">
  <testcase classname="testRunner.testRunner" name="runScenario" time="12.770"/>
</testsuite> <!-- testRunner.testRunner -->
