<?xml version="1.0" encoding="UTF-8"?>
<!-- Generated by org.testng.reporters.JUnitReportReporter -->
<testsuite hostname="DESKTOP-N54R2FB" failures="0" tests="1" name="testRunner.testRunner" time="17.061" errors="0" timestamp="2025-10-22T15:36:51 IST" skipped="0">
  <testcase classname="testRunner.testRunner" name="runScenario" time="17.061"/>
</testsuite> <!-- testRunner.testRunner -->
